<?xml version="1.0" encoding="UTF-8"?>
<!-- Generated by org.testng.reporters.JUnitReportReporter -->
<testsuite skipped="0" hostname="SHYAM-PC" name="TC_01" tests="1" failures="0" timestamp="29 Feb 2020 17:08:11 GMT" time="111.764" errors="0">
  <testcase name="testOne" time="111.764" classname="TC_01"/>
</testsuite> <!-- TC_01 -->
